<?xml version="1.0" encoding="UTF-8"?>
<!-- Generated by org.testng.reporters.JUnitXMLReporter -->
<testsuite ignored="0" hostname="LAPTOP-E2PSIL5I" failures="0" tests="2" name="Command line test" time="17.237" errors="0" timestamp="2020-05-16T16:29:55 IST">
  <testcase classname="QAPractice.FirstMavenProject.firstTest" name="LaunchGoogleTest" time="7.512"/>
  <testcase classname="QAPractice.FirstMavenProject.FramesTest" name="switchFrameTest" time="9.653"/>
</testsuite> <!-- Command line test -->
