<?xml version="1.0" encoding="UTF-8"?>
<testng-results ignored="0" total="1" passed="1" failed="0" skipped="0">
  <reporter-output>
  </reporter-output>
  <suite started-at="2020-05-27T21:32:49 IST" name="Default suite" finished-at="2020-05-27T21:33:00 IST" duration-ms="11070">
    <groups>
    </groups>
    <test started-at="2020-05-27T21:32:49 IST" name="Default test" finished-at="2020-05-27T21:33:00 IST" duration-ms="11070">
      <class name="QAPractice.FirstMavenProject.FramesTest">
        <test-method signature="switchFrameTest()[pri:0, instance:QAPractice.FirstMavenProject.FramesTest@2002348]" started-at="2020-05-27T21:32:49 IST" name="switchFrameTest" finished-at="2020-05-27T21:33:00 IST" duration-ms="11015" status="PASS">
          <reporter-output>
          </reporter-output>
        </test-method> <!-- switchFrameTest -->
      </class> <!-- QAPractice.FirstMavenProject.FramesTest -->
    </test> <!-- Default test -->
  </suite> <!-- Default suite -->
</testng-results>
